<?xml version="1.0" encoding="UTF-8"?>
<!-- Generated by org.testng.reporters.JUnitReportReporter -->
<testsuite hostname="Bryans-MacBook-Pro.local" failures="0" tests="1" name="Tests.HomePageTests" time="11.361" errors="0" timestamp="2021-08-25T21:03:20 CST" skipped="0">
  <testcase classname="Tests.HomePageTests" name="Test_Add_Cart" time="11.361"/>
</testsuite> <!-- Tests.HomePageTests -->
