<?xml version="1.0" encoding="UTF-8"?>
<!-- Generated by org.testng.reporters.JUnitReportReporter -->
<testsuite hostname="Bryans-MacBook-Pro.local" failures="0" tests="1" name="Tests.RegisterTests" time="9.679" errors="0" timestamp="2021-08-25T20:40:58 CST" skipped="0">
  <testcase classname="Tests.RegisterTests" name="Test_Create_New_Account" time="9.679"/>
</testsuite> <!-- Tests.RegisterTests -->
