<?xml version="1.0" encoding="UTF-8"?>
<!-- Generated by org.testng.reporters.JUnitReportReporter -->
<testsuite hostname="Bryans-MacBook-Pro.local" failures="0" tests="1" name="Tests.HomePageTests" time="10.704" errors="0" timestamp="2021-08-25T20:40:58 CST" skipped="0">
  <testcase classname="Tests.HomePageTests" name="Test_Add_Cart" time="10.704"/>
</testsuite> <!-- Tests.HomePageTests -->
